make.exe all --print-data-base --no-builtin-variables --no-builtin-rules --question
# GNU Make 3.82.90
# Built for i686-pc-mingw32
# Copyright (C) 1988-2012 Free Software Foundation, Inc.
# License GPLv3+: GNU GPL version 3 or later <http://gnu.org/licenses/gpl.html>
# This is free software: you are free to change and redistribute it.
# There is NO WARRANTY, to the extent permitted by law.

# Make data base, printed on Sun Jun 19 17:18:38 2022

# Variables

# automatic
<D = $(patsubst %/,%,$(patsubst %\,%,$(dir $<)))
# automatic
?F = $(notdir $?)
# default
.SHELLFLAGS := -c
# makefile
MAKEFLAGS = Rrqp
# environment
VSCODE_LOG_NATIVE = false
# automatic
?D = $(patsubst %/,%,$(patsubst %\,%,$(dir $?)))
# environment
PLATFORMIO_IDE = 2.4.3
# automatic
@D = $(patsubst %/,%,$(patsubst %\,%,$(dir $@)))
# environment
HOMEDRIVE = C:
# automatic
@F = $(notdir $@)
# automatic
^D = $(patsubst %/,%,$(patsubst %\,%,$(dir $^)))
# makefile
CURDIR := d:/Users/roger/Desktop/TMP/Projetos-VSCode/Testes
# default
SHELL := sh.exe
# environment
WINDIR = C:\Windows
# environment
VSCODE_NLS_CONFIG = {"locale":"pt-br","availableLanguages":{},"_languagePackSupport":true}
# environment
ONEDRIVE = D:\OneDrive
# makefile (from 'makefile', line 26)
var2 := "var2" 
# environment
PATHEXT = .COM;.EXE;.BAT;.CMD;.VBS;.VBE;.JS;.JSE;.WSF;.WSH;.MSC
# makefile (from 'makefile', line 1)
MAKEFILE_LIST :=  makefile
# environment
TMP = C:\Users\roger\AppData\Local\Temp
# environment
VSCODE_VERBOSE_LOGGING = true
# environment
PROGRAMW6432 = C:\Program Files
# environment
PROGRAMDATA = C:\ProgramData
# environment
VSCODE_IPC_HOOK_EXTHOST = \\.\pipe\vscode-ipc-4bd28edc-ab96-482b-8a0b-6b38a8cacac1-sock
# environment
VSCODE_CWD = C:\Users\roger\AppData\Local\Programs\Microsoft VS Code
# environment
NO_PROXY = 127.0.0.1
# environment
COMMONPROGRAMW6432 = C:\Program Files\Common Files
# environment
PROCESSOR_ARCHITECTURE = x86
# environment
USERPROFILE = C:\Users\roger
# environment
ALLUSERSPROFILE = C:\ProgramData
# environment
VSCODE_LOG_STACK = false
# environment
NUMBER_OF_PROCESSORS = 8
# environment
ELECTRON_RUN_AS_NODE = 1
# default
.FEATURES := target-specific order-only second-expansion else-if shortest-stem undefine oneshell archives jobserver
# automatic
%F = $(notdir $%)
# environment
CHROME_CRASHPAD_PIPE_NAME = \\.\pipe\crashpad_23448_PKZYKFVKEBZALXVX
# environment
VSCODE_PIPE_LOGGING = true
# environment
COMPUTERNAME = NOTE-ROGERIO
# environment
PROGRAMFILES = C:\Program Files (x86)
# makefile (from 'makefile', line 13)
nomevar = "variavel que guarda uma string"
# environment
DRIVERDATA = C:\Windows\System32\Drivers\DriverData
# environment
ORIGINAL_XDG_CURRENT_DESKTOP = undefined
# environment
USERNAME = roger
# environment
PUBLIC = C:\Users\Public
# environment
VSCODE_AMD_ENTRYPOINT = vs/workbench/api/node/extensionHostProcess
# makefile (from 'makefile', line 14)
cmdecho = @echo
# environment
VSCODE_CODE_CACHE_PATH = C:\Users\roger\AppData\Roaming\Code\CachedData\4af164ea3a06f701fe3e89a2bcbb421d2026b68f
# environment
APPLICATION_INSIGHTS_NO_DIAGNOSTIC_CHANNEL = 1
# environment
COMMONPROGRAMFILES = C:\Program Files (x86)\Common Files
# environment
LOGONSERVER = \\NOTE-ROGERIO
# environment
ONEDRIVECONSUMER = D:\OneDrive
# environment
VSCODE_HANDLES_UNCAUGHT_ERRORS = true
# environment
USERDOMAIN = NOTE-ROGERIO
# environment
MAKELEVEL := 0
# environment
PLATFORMIO_PATH = C:\Users\roger\.platformio\python3;C:\Program Files\Common Files\Oracle\Java\javapath;C:\Windows\system32;C:\Windows;C:\Windows\System32\Wbem;C:\Windows\System32\WindowsPowerShell\v1.0\;C:\Windows\System32\OpenSSH\;C:\Program Files (x86)\dotnet\;C:\Program Files\dotnet\;C:\Program Files\Git\cmd;C:\Program Files\CMake\bin;C:\Users\roger\AppData\Local\Programs\Python\Python310\Scripts\;C:\Users\roger\AppData\Local\Programs\Python\Python310\;C:\Users\roger\AppData\Local\Microsoft\WindowsApps;C:\Users\roger\AppData\Local\Programs\Microsoft VS Code\bin;C:\MinGW\bin;C:\Users\roger\AppData\Local\GitHubDesktop\bin;C:\Program Files\Common Files\Oracle\Java\javapath;C:\Windows\system32;C:\Windows;C:\Windows\System32\Wbem;C:\Windows\System32\WindowsPowerShell\v1.0\;C:\Windows\System32\OpenSSH\;C:\Program Files (x86)\dotnet\;C:\Program Files\dotnet\;C:\Program Files\Git\cmd;C:\Program Files\CMake\bin;C:\Users\roger\AppData\Local\Programs\Python\Python310\Scripts\;C:\Users\roger\AppData\Local\Programs\Python\Python310\;C:\Users\roger\AppData\Local\Microsoft\WindowsApps;C:\Users\roger\AppData\Local\Programs\Microsoft VS Code\bin;C:\MinGW\bin;C:\Users\roger\AppData\Local\GitHubDesktop\bin
# default
MAKE = $(MAKE_COMMAND)
# default
MAKECMDGOALS := all
# environment
PATH = C:\Program Files\Common Files\Oracle\Java\javapath;C:\Windows\system32;C:\Windows;C:\Windows\System32\Wbem;C:\Windows\System32\WindowsPowerShell\v1.0\;C:\Windows\System32\OpenSSH\;C:\Program Files (x86)\dotnet\;C:\Program Files\dotnet\;C:\Program Files\Git\cmd;C:\Program Files\CMake\bin;C:\Users\roger\AppData\Local\Programs\Python\Python310\Scripts\;C:\Users\roger\AppData\Local\Programs\Python\Python310\;C:\Users\roger\AppData\Local\Microsoft\WindowsApps;C:\Users\roger\AppData\Local\Programs\Microsoft VS Code\bin;C:\MinGW\bin;C:\Users\roger\AppData\Local\GitHubDesktop\bin
# default
MAKE_VERSION := 3.82.90
# makefile
.DEFAULT_GOAL := all
# environment
PROGRAMFILES(X86) = C:\Program Files (x86)
# automatic
%D = $(patsubst %/,%,$(patsubst %\,%,$(dir $%)))
# environment
LOCALAPPDATA = C:\Users\roger\AppData\Local
# environment
KINECTSDK20_DIR = C:\Program Files\Microsoft SDKs\Kinect\v2.0_1409\
# environment
PSMODULEPATH = C:\Program Files\WindowsPowerShell\Modules;C:\Windows\system32\WindowsPowerShell\v1.0\Modules
# default
MAKE_COMMAND := make.exe
# environment
PROCESSOR_ARCHITEW6432 = AMD64
# default
.VARIABLES := 
# automatic
*F = $(notdir $*)
# environment
PROCESSOR_IDENTIFIER = Intel64 Family 6 Model 142 Stepping 12, GenuineIntel
# environment
OS = Windows_NT
# environment
VSCODE_IPC_HOOK = \\.\pipe\57260b45b5ce88ade670d2481aff797a-1.68.0-main-sock
# environment
HOMEPATH = \Users\roger
# environment
COMMONPROGRAMFILES(X86) = C:\Program Files (x86)\Common Files
# environment
PROMPT = $P$G
# environment
MFLAGS = -Rrqp
# automatic
*D = $(patsubst %/,%,$(patsubst %\,%,$(dir $*)))
# environment
SYSTEMROOT = C:\Windows
# automatic
+D = $(patsubst %/,%,$(patsubst %\,%,$(dir $+)))
# automatic
+F = $(notdir $+)
# environment
APPDATA = C:\Users\roger\AppData\Roaming
# environment
__COMPAT_LAYER = DetectorsAppHealth
# environment
TEMP = C:\Users\roger\AppData\Local\Temp
# environment
COMSPEC = C:\Windows\system32\cmd.exe
# default
MAKEFILES := 
# environment
IDF_TOOLS_PATH = C:\Espressif
# automatic
<F = $(notdir $<)
# environment
PLATFORMIO_CALLER = vscode
# environment
LC_ALL = C
# makefile (from 'makefile', line 34)
var1 = "var1 after"
# automatic
^F = $(notdir $^)
# default
SUFFIXES := 
# environment
SYSTEMDRIVE = C:
# environment
SESSIONNAME = Console
# environment
PROCESSOR_REVISION = 8e0c
# environment
MOZ_PLUGIN_PATH = C:\Program Files (x86)\Foxit Software\Foxit PDF Reader\plugins\
# default
.INCLUDE_DIRS = C:/MinGW/include
# environment
ADSK_CLM_WPAD_PROXY_CHECK = FALSE
# default
.RECIPEPREFIX := 
# environment
LANG = C
# environment
PROCESSOR_LEVEL = 6
# environment
VSCODE_PID = 23448
# environment
USERDOMAIN_ROAMINGPROFILE = NOTE-ROGERIO
# variable set hash-table stats:
# Load=103/1024=10%, Rehash=0, Collisions=14/128=11%

# Pattern-specific Variable Values

# No pattern-specific variable values.

# Directories

# C:\Windows\System32\WindowsPowerShell\v1.0\ (key C:/Windows/System32/WindowsPowerShell/v1.0/, mtime 1617976437): 29 files, no impossibilities.
# . (key d:/Users/roger/Desktop/TMP/Projetos-VSCode/Testes, mtime 1654261762): 9 files, no impossibilities.
# C:\Program Files (x86)\dotnet\ (key C:/Program Files (x86)/dotnet/, mtime 1644233556): 8 files, no impossibilities.
# C:\Users\roger\AppData\Local\Microsoft\WindowsApps (key C:/Users/roger/AppData/Local/Microsoft/WindowsApps, mtime 1652721375): 13 files, no impossibilities.
# C:\Program Files\Git\cmd (key C:/Program Files/Git/cmd, mtime 1652964779): 8 files, no impossibilities.
# C:\Windows\System32\OpenSSH\: could not be stat'd.
# C:\MinGW\bin (key C:/MinGW/bin, mtime 1654112468): 62 files, no impossibilities.
# C:\Users\roger\AppData\Local\GitHubDesktop\bin (key C:/Users/roger/AppData/Local/GitHubDesktop/bin, mtime 1652799948): 4 files, no impossibilities.
# C:\Program Files\CMake\bin (key C:/Program Files/CMake/bin, mtime 1654108535): 7 files, no impossibilities.
# C:\Users\roger\AppData\Local\Programs\Microsoft VS Code\bin (key C:/Users/roger/AppData/Local/Programs/Microsoft VS Code/bin, mtime 1655300289): 4 files, no impossibilities.
# C:\Users\roger\AppData\Local\Programs\Python\Python310\ (key C:/Users/roger/AppData/Local/Programs/Python/Python310/, mtime 1652300703): 21 files, no impossibilities.
# C:\Users\roger\AppData\Local\Programs\Python\Python310\Scripts\ (key C:/Users/roger/AppData/Local/Programs/Python/Python310/Scripts/, mtime 1654192522): 51 files, no impossibilities.
# C:\Windows (key C:/Windows, mtime 1655669518): 111 files, no impossibilities.
# C:\Windows\System32\Wbem (key C:/Windows/System32/Wbem, mtime 1644072358): 155 files, no impossibilities.
# C:\Program Files\Common Files\Oracle\Java\javapath (key C:/Program Files/Common Files/Oracle/Java/javapath, mtime 1647476197): 6 files, no impossibilities.
# C:\Program Files\dotnet\ (key C:/Program Files/dotnet/, mtime 1645464446): 8 files, no impossibilities.
# C:\Windows\system32 (key C:/Windows/system32, mtime 1654689526): 2886 files, no impossibilities.

# 3382 files, no impossibilities in 17 directories.

# Implicit Rules

%escopo:
#  recipe to execute (from 'makefile', line 20):
	$(cmdecho) "é um alvo generico, qualquer nome que termine com 'escopo'"
	$(cmdecho) "se executar 'make nnnnnescopo' ele executa esse %escopo "make

# 1 implicit rules, 0 (0.0%) terminal.

# Files

all: alvo
#  Command line target.
#  Implicit rule search has been done.
#  File does not exist.
#  File has been updated.
#  Needs to be updated (-q is set).
# variable set hash-table stats:
# Load=0/32=0%, Rehash=0, Collisions=0/3=0%

dependencia:
#  Implicit rule search has not been done.
#  Implicit/static pattern stem: ''
#  File does not exist.
#  File has been updated.
#  Needs to be updated (-q is set).
# automatic
# @ := dependencia
# automatic
# % := 
# automatic
# * := 
# automatic
# + := 
# automatic
# | := 
# automatic
# < := 
# automatic
# ^ := 
# automatic
# ? := 
# variable set hash-table stats:
# Load=8/32=25%, Rehash=0, Collisions=1/11=9%
#  recipe to execute (from 'makefile', line 9):
	@echo "comando dentro do escopo de de 'dependencia'"
	@echo "executado antes do escopo 'alvo'"

# Not a target:
.SUFFIXES:
#  Implicit rule search has not been done.
#  Modification time never checked.
#  File has not been updated.

# Not a target:
makefile:
#  Implicit rule search has been done.
#  Last modified 2022-05-30 18:41:25
#  File has been updated.
#  Successfully updated.

# Not a target:
.DEFAULT:
#  Implicit rule search has not been done.
#  Modification time never checked.
#  File has not been updated.

variavel:
#  Implicit rule search has not been done.
#  Modification time never checked.
#  File has not been updated.
#  recipe to execute (from 'makefile', line 16):
	$(cmdecho) $(nomevar) #usar variaveis dentro de comandos com $()

alvo: dependencia
#  Implicit rule search has not been done.
#  File does not exist.
#  File has been updated.
#  Needs to be updated (-q is set).
# variable set hash-table stats:
# Load=0/32=0%, Rehash=0, Collisions=0/3=0%
#  recipe to execute (from 'makefile', line 5):
	echo "comando 1, printa o comando antes de executar"
	@echo "comando 2, executa o comando sem printar"

testevar:
#  Implicit rule search has not been done.
#  Modification time never checked.
#  File has not been updated.
#  recipe to execute (from 'makefile', line 29):
	@echo "var1: " $(var1)
	@echo "var2: " $(var2)

# files hash-table stats:
# Load=8/1024=1%, Rehash=0, Collisions=0/24=0%
# VPATH Search Paths

# No 'vpath' search paths.

# No general ('VPATH' variable) search path.

# strcache buffers: 7 (6) / strings = 3352 / storage = 49935 B / avg = 14 B
# current buf: size = 8174 B / used = 934 B / count = 72 / avg = 12 B
# other used: total = 41761 B / count = 3280 / avg = 12 B
# other free: total = 43 B / max = 14 B / min = 2 B / avg = 7 B

# strcache performance: lookups = 3419 / hit rate = 1%
# hash-table stats:
# Load=3352/8192=41%, Rehash=0, Collisions=1114/3419=33%
# Finished Make data base on Sun Jun 19 17:18:38 2022

 
